<?xml version="1.0" encoding="UTF-8"?>
<!-- Generated by org.testng.reporters.JUnitXMLReporter -->
<testsuite ignored="0" hostname="DESKTOP-6MCO3NS" failures="0" tests="3" name="My test" time="42.512" errors="0" timestamp="15 Dec 2022 09:44:25 GMT">
  <testcase classname="com.testpackage.TryforFreeTest" name="TryfortextTest" time="5.136"/>
  <testcase classname="com.testpackage.LoginTest" name="loginPageTitleTest" time="0.631"/>
  <testcase classname="com.testpackage.LoginTest" name="tryforFreelinlTest" time="1.266"/>
</testsuite> <!-- My test -->
